INFO [2025-02-18 18:11:14] Shiny session started
INFO [2025-02-18 18:11:14] PCA and Correlation tab initialized
INFO [2025-02-18 18:11:14] Initializing Pairwise Comparison Tab
INFO [2025-02-18 18:11:14] Loading expression data into cache asynchronously
INFO [2025-02-18 18:11:17] Loading expression data into cache asynchronously
INFO [2025-02-18 18:11:23] Processing PCA data with 12 samples
INFO [2025-02-18 18:11:23] Filtered to 19987 genes with non-zero expression
INFO [2025-02-18 18:11:23] PCA selector options updated with 12 choices
INFO [2025-02-18 18:11:26] Running DEG analysis
INFO [2025-02-18 18:11:26] Starting DEG analysis (unpaired)
ERROR [2025-02-18 18:11:26] Analysis failed: data are essentially constant
INFO [2025-02-18 18:11:26] Total execution time: 0.01s
INFO [2025-02-18 18:11:34] Running DEG analysis
INFO [2025-02-18 18:11:34] Starting DEG analysis (unpaired)
ERROR [2025-02-18 18:11:34] Analysis failed: data are essentially constant
INFO [2025-02-18 18:11:34] Total execution time: 0.04s
INFO [2025-02-18 18:11:36] Running DEG analysis
INFO [2025-02-18 18:11:36] Starting DEG analysis (unpaired)
ERROR [2025-02-18 18:11:36] Analysis failed: data are essentially constant
INFO [2025-02-18 18:11:36] Total execution time: 0.01s
