INFO [2025-02-18 18:07:55] Shiny session started
INFO [2025-02-18 18:07:55] PCA and Correlation tab initialized
INFO [2025-02-18 18:07:55] Initializing Pairwise Comparison Tab
INFO [2025-02-18 18:07:55] Loading expression data into cache asynchronously
INFO [2025-02-18 18:07:58] Loading expression data into cache asynchronously
INFO [2025-02-18 18:08:05] Processing PCA data with 12 samples
INFO [2025-02-18 18:08:05] Filtered to 19987 genes with non-zero expression
INFO [2025-02-18 18:08:05] PCA selector options updated with 12 choices
INFO [2025-02-18 18:08:08] Running DEG analysis
INFO [2025-02-18 18:08:08] Starting DEG analysis (unpaired)
ERROR [2025-02-18 18:08:08] Analysis failed: data are essentially constant
INFO [2025-02-18 18:08:08] Total execution time: 0.01s
INFO [2025-02-18 18:08:11] Running DEG analysis
INFO [2025-02-18 18:08:11] Starting DEG analysis (unpaired)
ERROR [2025-02-18 18:08:11] Analysis failed: data are essentially constant
INFO [2025-02-18 18:08:11] Total execution time: 0.05s
INFO [2025-02-18 18:08:17] Running DEG analysis
INFO [2025-02-18 18:08:17] Starting DEG analysis (deseq)
INFO [2025-02-18 18:08:21] Total execution time: 3.19s
INFO [2025-02-18 18:08:29] Running DEG analysis
INFO [2025-02-18 18:08:29] Starting DEG analysis (unpaired)
ERROR [2025-02-18 18:08:29] Analysis failed: data are essentially constant
INFO [2025-02-18 18:08:29] Total execution time: 0.01s
