INFO [2025-02-18 17:12:45] Shiny session started
INFO [2025-02-18 17:12:46] PCA and Correlation tab initialized
INFO [2025-02-18 17:12:46] Initializing Pairwise Comparison Tab
INFO [2025-02-18 17:12:46] Loading expression data into cache asynchronously
INFO [2025-02-18 17:12:49] Loading expression data into cache asynchronously
INFO [2025-02-18 17:12:57] Processing PCA data with 12 samples
INFO [2025-02-18 17:12:57] Filtered to 19987 genes with non-zero expression
INFO [2025-02-18 17:12:57] PCA selector options updated with 12 choices
INFO [2025-02-18 17:13:00] Running DEG analysis
INFO [2025-02-18 17:13:00] Starting DEG analysis (paired)
INFO [2025-02-18 17:13:01] Total execution time: 0.96s
INFO [2025-02-18 17:18:55] Running DEG analysis
INFO [2025-02-18 17:18:55] Starting DEG analysis (paired)
INFO [2025-02-18 17:18:56] Total execution time: 0.92s
INFO [2025-02-18 17:19:03] Running DEG analysis
INFO [2025-02-18 17:19:04] Starting DEG analysis (paired)
INFO [2025-02-18 17:19:04] Total execution time: 0.95s
INFO [2025-02-18 17:30:00] Running DEG analysis
INFO [2025-02-18 17:30:00] Starting DEG analysis (paired)
INFO [2025-02-18 17:30:01] Total execution time: 0.86s
INFO [2025-02-18 17:30:14] Running DEG analysis
INFO [2025-02-18 17:30:14] Starting DEG analysis (paired)
INFO [2025-02-18 17:30:16] Total execution time: 1.32s
INFO [2025-02-18 17:31:19] Running DEG analysis
INFO [2025-02-18 17:31:19] Starting DEG analysis (paired)
INFO [2025-02-18 17:31:20] Total execution time: 0.81s
INFO [2025-02-18 17:31:23] Running DEG analysis
INFO [2025-02-18 17:31:23] Starting DEG analysis (paired)
INFO [2025-02-18 17:31:24] Total execution time: 0.89s
