INFO [2025-02-18 17:39:38] Shiny session started
INFO [2025-02-18 17:39:38] PCA and Correlation tab initialized
INFO [2025-02-18 17:39:38] Initializing Pairwise Comparison Tab
INFO [2025-02-18 17:39:38] Loading expression data into cache asynchronously
INFO [2025-02-18 17:39:41] Loading expression data into cache asynchronously
INFO [2025-02-18 17:39:48] Processing PCA data with 12 samples
INFO [2025-02-18 17:39:48] Filtered to 19987 genes with non-zero expression
INFO [2025-02-18 17:39:48] PCA selector options updated with 12 choices
INFO [2025-02-18 17:39:52] Running DEG analysis
INFO [2025-02-18 17:39:52] Starting DEG analysis (paired)
INFO [2025-02-18 17:39:53] Total execution time: 0.91s
INFO [2025-02-18 17:41:35] Processing PCA data with 6 samples
INFO [2025-02-18 17:41:35] Filtered to 17745 genes with non-zero expression
INFO [2025-02-18 17:41:35] PCA selector options updated with 6 choices
INFO [2025-02-18 17:41:38] Running DEG analysis
INFO [2025-02-18 17:41:38] Starting DEG analysis (paired)
INFO [2025-02-18 17:41:39] Total execution time: 0.94s
INFO [2025-02-18 17:47:27] Loading expression data into cache asynchronously
INFO [2025-02-18 17:47:37] Processing PCA data with 27 samples
INFO [2025-02-18 17:47:37] Filtered to 16998 genes with non-zero expression
INFO [2025-02-18 17:47:37] PCA selector options updated with 27 choices
INFO [2025-02-18 17:47:55] Running DEG analysis
INFO [2025-02-18 17:47:55] Starting DEG analysis (paired)
ERROR [2025-02-18 17:47:55] Analysis failed: not all arguments have the same length
INFO [2025-02-18 17:47:55] Total execution time: 0.01s
INFO [2025-02-18 17:48:13] Running DEG analysis
INFO [2025-02-18 17:48:13] Starting DEG analysis (deseq)
INFO [2025-02-18 17:48:18] Total execution time: 4.78s
INFO [2025-02-18 17:48:56] Running DEG analysis
INFO [2025-02-18 17:48:56] Starting DEG analysis (paired)
ERROR [2025-02-18 17:48:56] Analysis failed: not all arguments have the same length
INFO [2025-02-18 17:48:56] Total execution time: 0.01s
