INFO [2025-02-18 17:56:58] Shiny session started
INFO [2025-02-18 17:56:58] PCA and Correlation tab initialized
INFO [2025-02-18 17:56:58] Initializing Pairwise Comparison Tab
INFO [2025-02-18 17:56:58] Loading expression data into cache asynchronously
INFO [2025-02-18 17:57:02] Loading expression data into cache asynchronously
INFO [2025-02-18 17:57:09] Processing PCA data with 12 samples
INFO [2025-02-18 17:57:09] Filtered to 19987 genes with non-zero expression
INFO [2025-02-18 17:57:09] PCA selector options updated with 12 choices
INFO [2025-02-18 17:57:12] Running DEG analysis
INFO [2025-02-18 17:57:12] Starting DEG analysis (paired)
INFO [2025-02-18 17:57:13] Total execution time: 0.95s
INFO [2025-02-18 17:58:07] Running DEG analysis
INFO [2025-02-18 17:58:07] Starting DEG analysis (paired)
INFO [2025-02-18 17:58:08] Total execution time: 0.83s
INFO [2025-02-18 17:58:17] Running DEG analysis
INFO [2025-02-18 17:58:17] Starting DEG analysis (paired)
INFO [2025-02-18 17:58:18] Total execution time: 0.91s
INFO [2025-02-18 17:58:31] Running DEG analysis
INFO [2025-02-18 17:58:31] Starting DEG analysis (paired)
INFO [2025-02-18 17:58:32] Total execution time: 1.25s
INFO [2025-02-18 17:58:46] Running DEG analysis
INFO [2025-02-18 17:58:46] Starting DEG analysis (paired)
INFO [2025-02-18 17:58:47] Total execution time: 0.93s
INFO [2025-02-18 18:03:26] Running DEG analysis
INFO [2025-02-18 18:03:26] Starting DEG analysis (paired)
INFO [2025-02-18 18:03:26] Total execution time: 0.83s
INFO [2025-02-18 18:05:22] Running DEG analysis
INFO [2025-02-18 18:05:22] Starting DEG analysis (paired)
INFO [2025-02-18 18:05:24] Total execution time: 1.27s
